[2026-02-13 23:19:54] OK - Disk: 14% used, MemAvailable: 55%
[2026-02-13 23:50:45] OK - Disk: 14% used, MemAvailable: 55%
[2026-02-13 23:52:37] OK - Disk: 14% used, MemAvailable: 55%
[2026-02-13 23:57:37] OK - Disk: 14% used, MemAvailable: 55%
[2026-02-13 23:57:47] [CRITICAL] liliane.localdomain | Disk CRITICAL: / is 14% used (>= 2%) Memory CRITICAL: 55% available (<= 98%)
Disk: / 14% used
MemAvailable: 55%

Top memory processes:
    PID    PPID CMD                         %MEM %CPU
    392       1 /usr/bin/java -Djava.awt.he  8.0  0.7
  16946   16833 /opt/java/openjdk/bin/java   6.2  0.9
  17111   16730 /opt/java/openjdk/bin/java   6.1  0.8
 220287  219997 /home/lilia/.vscode-server/  4.2  3.8
  17310   16730 /opt/java/openjdk/bin/java   3.6  0.6
    638       1 /usr/sbin/mysqld             2.8  0.9
 236698  236661 kube-apiserver --advertise-  1.8  5.5

Biggest /var dirs:
2.9G	/var/lib/snapd/snaps
3.2G	/var/lib/snapd
4.6G	/var/lib/docker/volumes
6.2G	/var/lib/jenkins
18G	/var/lib/docker/overlay2
23G	/var/lib/docker
35G	/var/lib
38G	/var

[2026-02-13 23:57:47] Slack webhook not set. Skipping Slack alert.
[2026-02-14 00:00:02] [CRITICAL] liliane.localdomain | Disk CRITICAL: / is 14% used (>= 2%) Memory CRITICAL: 55% available (<= 98%)
Disk: / 14% used
MemAvailable: 55%

Top memory processes:
    PID    PPID CMD                         %MEM %CPU
    392       1 /usr/bin/java -Djava.awt.he  8.0  0.7
  16946   16833 /opt/java/openjdk/bin/java   6.2  0.9
  17111   16730 /opt/java/openjdk/bin/java   6.1  0.8
 220287  219997 /home/lilia/.vscode-server/  4.2  3.8
  17310   16730 /opt/java/openjdk/bin/java   3.6  0.6
    638       1 /usr/sbin/mysqld             2.8  0.9
 236698  236661 kube-apiserver --advertise-  1.8  5.5

Biggest /var dirs:
2.9G	/var/lib/snapd/snaps
3.2G	/var/lib/snapd
4.6G	/var/lib/docker/volumes
6.2G	/var/lib/jenkins
18G	/var/lib/docker/overlay2
23G	/var/lib/docker
35G	/var/lib
38G	/var

[2026-02-14 00:02:38] OK - Disk: 14% used, MemAvailable: 55%
[2026-02-14 10:03:30] OK - Disk: 14% used, MemAvailable: 83%
[2026-02-14 10:08:33] OK - Disk: 14% used, MemAvailable: 82%
[2026-02-14 10:13:33] OK - Disk: 14% used, MemAvailable: 82%
[2026-02-14 10:18:34] OK - Disk: 14% used, MemAvailable: 82%
[2026-02-14 10:23:34] OK - Disk: 14% used, MemAvailable: 82%
[2026-02-14 10:28:41] OK - Disk: 14% used, MemAvailable: 80%
[2026-02-14 10:33:42] OK - Disk: 14% used, MemAvailable: 80%
[2026-02-14 10:38:43] OK - Disk: 14% used, MemAvailable: 80%
[2026-02-14 10:43:43] OK - Disk: 14% used, MemAvailable: 80%
[2026-02-14 10:48:44] OK - Disk: 14% used, MemAvailable: 80%
[2026-02-14 10:53:46] OK - Disk: 14% used, MemAvailable: 80%
[2026-02-14 10:58:47] OK - Disk: 14% used, MemAvailable: 80%
[2026-02-14 11:03:48] OK - Disk: 14% used, MemAvailable: 80%
[2026-02-14 11:08:49] OK - Disk: 14% used, MemAvailable: 80%
[2026-02-14 11:13:49] OK - Disk: 14% used, MemAvailable: 80%
[2026-02-14 11:18:50] OK - Disk: 14% used, MemAvailable: 80%
[2026-02-14 11:23:51] OK - Disk: 14% used, MemAvailable: 80%
[2026-02-14 11:28:52] OK - Disk: 14% used, MemAvailable: 80%
[2026-02-14 11:33:53] OK - Disk: 14% used, MemAvailable: 80%
[2026-02-14 11:38:54] OK - Disk: 14% used, MemAvailable: 80%
[2026-02-14 11:43:55] OK - Disk: 14% used, MemAvailable: 80%
[2026-02-14 11:48:56] OK - Disk: 14% used, MemAvailable: 80%
[2026-02-14 11:53:57] OK - Disk: 14% used, MemAvailable: 80%
[2026-02-14 11:58:58] OK - Disk: 14% used, MemAvailable: 80%
[2026-02-14 12:03:59] OK - Disk: 14% used, MemAvailable: 80%
[2026-02-14 12:09:00] OK - Disk: 14% used, MemAvailable: 80%
[2026-02-14 12:14:01] OK - Disk: 14% used, MemAvailable: 80%
[2026-02-14 12:19:03] OK - Disk: 14% used, MemAvailable: 80%
[2026-02-14 12:24:03] OK - Disk: 14% used, MemAvailable: 79%
[2026-02-14 12:29:03] OK - Disk: 14% used, MemAvailable: 79%
[2026-02-14 12:34:05] OK - Disk: 14% used, MemAvailable: 79%
[2026-02-14 12:39:06] OK - Disk: 14% used, MemAvailable: 79%
[2026-02-14 12:44:07] OK - Disk: 14% used, MemAvailable: 80%
[2026-02-14 12:49:08] OK - Disk: 14% used, MemAvailable: 79%
[2026-02-14 12:54:09] OK - Disk: 14% used, MemAvailable: 79%
[2026-02-14 12:59:10] OK - Disk: 14% used, MemAvailable: 79%
[2026-02-14 13:04:11] OK - Disk: 14% used, MemAvailable: 79%
[2026-02-14 13:09:12] OK - Disk: 14% used, MemAvailable: 79%
[2026-02-14 13:14:13] OK - Disk: 14% used, MemAvailable: 79%
[2026-02-14 13:19:14] OK - Disk: 14% used, MemAvailable: 79%
[2026-02-14 13:24:15] OK - Disk: 14% used, MemAvailable: 79%
[2026-02-14 13:29:15] OK - Disk: 14% used, MemAvailable: 79%
[2026-02-14 13:34:14] OK - Disk: 14% used, MemAvailable: 79%
[2026-02-14 13:39:15] OK - Disk: 14% used, MemAvailable: 79%
[2026-02-14 13:44:14] OK - Disk: 14% used, MemAvailable: 79%
[2026-02-14 13:49:13] OK - Disk: 14% used, MemAvailable: 79%
[2026-02-14 13:54:14] OK - Disk: 14% used, MemAvailable: 79%
[2026-02-14 13:59:15] OK - Disk: 14% used, MemAvailable: 79%
[2026-02-14 14:04:13] OK - Disk: 14% used, MemAvailable: 79%
[2026-02-14 14:09:09] OK - Disk: 14% used, MemAvailable: 79%
[2026-02-14 14:14:05] OK - Disk: 14% used, MemAvailable: 79%
[2026-02-14 14:18:59] OK - Disk: 14% used, MemAvailable: 79%
[2026-02-14 14:23:54] OK - Disk: 14% used, MemAvailable: 79%
[2026-02-14 14:28:49] OK - Disk: 14% used, MemAvailable: 79%
[2026-02-14 14:33:44] OK - Disk: 14% used, MemAvailable: 79%
[2026-02-14 14:38:38] OK - Disk: 14% used, MemAvailable: 79%
[2026-02-14 14:43:33] OK - Disk: 14% used, MemAvailable: 79%
[2026-02-14 14:48:26] OK - Disk: 14% used, MemAvailable: 79%
[2026-02-14 14:53:20] OK - Disk: 14% used, MemAvailable: 79%
[2026-02-14 14:58:14] OK - Disk: 14% used, MemAvailable: 79%
[2026-02-14 15:03:07] OK - Disk: 14% used, MemAvailable: 79%
[2026-02-14 15:08:01] OK - Disk: 14% used, MemAvailable: 79%
[2026-02-14 15:12:54] OK - Disk: 14% used, MemAvailable: 79%
[2026-02-14 15:17:46] OK - Disk: 14% used, MemAvailable: 79%
[2026-02-14 15:22:40] OK - Disk: 14% used, MemAvailable: 79%
[2026-02-14 15:27:33] OK - Disk: 14% used, MemAvailable: 79%
[2026-02-14 15:32:24] OK - Disk: 14% used, MemAvailable: 79%
[2026-02-14 15:37:17] OK - Disk: 14% used, MemAvailable: 79%
[2026-02-14 15:42:09] OK - Disk: 14% used, MemAvailable: 79%
[2026-02-14 15:47:01] OK - Disk: 14% used, MemAvailable: 79%
[2026-02-14 15:51:53] OK - Disk: 14% used, MemAvailable: 79%
[2026-02-14 15:56:44] OK - Disk: 14% used, MemAvailable: 79%
[2026-02-14 16:01:35] OK - Disk: 14% used, MemAvailable: 79%
[2026-02-14 16:06:27] OK - Disk: 14% used, MemAvailable: 79%
[2026-02-14 16:11:17] OK - Disk: 14% used, MemAvailable: 79%
[2026-02-14 16:16:08] OK - Disk: 14% used, MemAvailable: 79%
[2026-02-14 16:21:00] OK - Disk: 14% used, MemAvailable: 79%
[2026-02-14 16:25:51] OK - Disk: 14% used, MemAvailable: 79%
[2026-02-14 16:30:40] OK - Disk: 14% used, MemAvailable: 79%
[2026-02-14 16:35:31] OK - Disk: 14% used, MemAvailable: 79%
[2026-02-14 16:40:21] OK - Disk: 14% used, MemAvailable: 79%
[2026-02-14 16:45:11] OK - Disk: 14% used, MemAvailable: 79%
[2026-02-14 16:50:00] OK - Disk: 14% used, MemAvailable: 79%
[2026-02-14 16:54:51] OK - Disk: 14% used, MemAvailable: 79%
[2026-02-14 16:59:40] OK - Disk: 14% used, MemAvailable: 79%
[2026-02-14 17:04:29] OK - Disk: 14% used, MemAvailable: 79%
[2026-02-14 17:09:19] OK - Disk: 14% used, MemAvailable: 79%
[2026-02-14 17:14:07] OK - Disk: 14% used, MemAvailable: 79%
[2026-02-14 17:18:55] OK - Disk: 14% used, MemAvailable: 79%
[2026-02-14 17:23:45] OK - Disk: 14% used, MemAvailable: 79%
[2026-02-14 17:28:32] OK - Disk: 14% used, MemAvailable: 79%
[2026-02-14 17:33:21] OK - Disk: 14% used, MemAvailable: 79%
[2026-02-14 17:38:10] OK - Disk: 14% used, MemAvailable: 79%
[2026-02-14 17:42:56] OK - Disk: 14% used, MemAvailable: 79%
[2026-02-14 17:47:45] OK - Disk: 14% used, MemAvailable: 79%
[2026-02-14 17:52:33] OK - Disk: 14% used, MemAvailable: 79%
[2026-02-14 17:57:19] OK - Disk: 14% used, MemAvailable: 79%
[2026-02-14 18:02:07] OK - Disk: 14% used, MemAvailable: 79%
[2026-02-14 18:06:58] OK - Disk: 14% used, MemAvailable: 79%
[2026-02-14 18:11:50] OK - Disk: 14% used, MemAvailable: 79%
[2026-02-14 18:16:40] OK - Disk: 14% used, MemAvailable: 79%
[2026-02-14 18:21:27] OK - Disk: 14% used, MemAvailable: 79%
[2026-02-14 18:26:16] OK - Disk: 14% used, MemAvailable: 79%
[2026-02-14 18:31:05] OK - Disk: 14% used, MemAvailable: 79%
[2026-02-14 18:35:51] OK - Disk: 14% used, MemAvailable: 79%
[2026-02-14 18:40:39] OK - Disk: 14% used, MemAvailable: 79%
[2026-02-14 18:45:26] OK - Disk: 14% used, MemAvailable: 79%
[2026-02-14 18:50:11] OK - Disk: 14% used, MemAvailable: 79%
[2026-02-14 18:54:58] OK - Disk: 14% used, MemAvailable: 79%
[2026-02-14 18:59:45] OK - Disk: 14% used, MemAvailable: 79%
[2026-02-14 19:04:29] OK - Disk: 14% used, MemAvailable: 79%
[2026-02-14 19:09:15] OK - Disk: 14% used, MemAvailable: 79%
[2026-02-14 19:14:00] OK - Disk: 14% used, MemAvailable: 79%
[2026-02-14 19:18:45] OK - Disk: 14% used, MemAvailable: 79%
[2026-02-14 19:23:31] OK - Disk: 14% used, MemAvailable: 79%
[2026-02-14 19:28:16] OK - Disk: 14% used, MemAvailable: 79%
[2026-02-14 19:32:59] OK - Disk: 14% used, MemAvailable: 79%
[2026-02-14 19:37:44] OK - Disk: 14% used, MemAvailable: 79%
[2026-02-14 19:42:28] OK - Disk: 14% used, MemAvailable: 79%
[2026-02-14 19:47:12] OK - Disk: 14% used, MemAvailable: 79%
[2026-02-14 19:51:57] OK - Disk: 14% used, MemAvailable: 79%
[2026-02-14 19:56:42] OK - Disk: 14% used, MemAvailable: 79%
[2026-02-14 20:01:24] OK - Disk: 14% used, MemAvailable: 79%
[2026-02-14 20:06:08] OK - Disk: 14% used, MemAvailable: 79%
[2026-02-14 20:10:52] OK - Disk: 14% used, MemAvailable: 79%
[2026-02-14 20:15:37] OK - Disk: 14% used, MemAvailable: 79%
[2026-02-14 20:20:19] OK - Disk: 14% used, MemAvailable: 79%
[2026-02-14 20:25:03] OK - Disk: 14% used, MemAvailable: 79%
[2026-02-14 20:29:47] OK - Disk: 14% used, MemAvailable: 79%
[2026-02-14 20:34:29] OK - Disk: 14% used, MemAvailable: 79%
[2026-02-14 20:39:13] OK - Disk: 14% used, MemAvailable: 79%
[2026-02-14 20:43:56] OK - Disk: 14% used, MemAvailable: 79%
[2026-02-14 20:48:38] OK - Disk: 14% used, MemAvailable: 79%
[2026-02-14 20:53:22] OK - Disk: 14% used, MemAvailable: 79%
[2026-02-14 20:58:05] OK - Disk: 14% used, MemAvailable: 79%
[2026-02-14 21:02:46] OK - Disk: 14% used, MemAvailable: 79%
[2026-02-14 21:07:29] OK - Disk: 14% used, MemAvailable: 79%
[2026-02-14 21:12:11] OK - Disk: 14% used, MemAvailable: 79%
[2026-02-14 21:16:52] OK - Disk: 14% used, MemAvailable: 79%
[2026-02-14 21:21:35] OK - Disk: 14% used, MemAvailable: 79%
[2026-02-14 21:26:18] OK - Disk: 14% used, MemAvailable: 79%
[2026-02-14 21:30:59] OK - Disk: 14% used, MemAvailable: 79%
[2026-02-14 21:35:41] OK - Disk: 14% used, MemAvailable: 79%
[2026-02-14 21:40:24] OK - Disk: 14% used, MemAvailable: 79%
[2026-02-14 21:45:04] OK - Disk: 14% used, MemAvailable: 79%
[2026-02-14 21:49:46] OK - Disk: 14% used, MemAvailable: 79%
[2026-02-14 21:54:27] OK - Disk: 14% used, MemAvailable: 79%
[2026-02-14 21:59:06] OK - Disk: 14% used, MemAvailable: 79%
[2026-02-14 22:03:48] OK - Disk: 14% used, MemAvailable: 79%
[2026-02-14 22:08:29] OK - Disk: 14% used, MemAvailable: 79%
[2026-02-14 22:13:08] OK - Disk: 14% used, MemAvailable: 79%
[2026-02-14 22:17:48] OK - Disk: 14% used, MemAvailable: 78%
[2026-02-14 22:22:29] OK - Disk: 14% used, MemAvailable: 78%
[2026-02-14 22:27:07] OK - Disk: 14% used, MemAvailable: 78%
[2026-02-14 22:31:47] OK - Disk: 14% used, MemAvailable: 66%
[2026-02-14 22:36:26] OK - Disk: 14% used, MemAvailable: 65%
[2026-02-14 22:41:04] OK - Disk: 14% used, MemAvailable: 65%
[2026-02-14 22:45:46] OK - Disk: 14% used, MemAvailable: 64%
[2026-02-14 22:50:22] OK - Disk: 14% used, MemAvailable: 64%
[2026-02-14 22:55:03] OK - Disk: 14% used, MemAvailable: 62%
[2026-02-14 22:59:43] OK - Disk: 14% used, MemAvailable: 62%
[2026-02-14 23:04:20] OK - Disk: 14% used, MemAvailable: 62%
[2026-02-14 23:08:59] OK - Disk: 14% used, MemAvailable: 62%
[2026-02-14 23:13:39] OK - Disk: 14% used, MemAvailable: 61%
[2026-02-14 23:18:17] OK - Disk: 14% used, MemAvailable: 60%
[2026-02-14 23:22:57] OK - Disk: 14% used, MemAvailable: 60%
[2026-02-14 23:27:36] OK - Disk: 14% used, MemAvailable: 60%
[2026-02-14 23:32:12] OK - Disk: 14% used, MemAvailable: 59%
[2026-02-14 23:36:52] OK - Disk: 14% used, MemAvailable: 56%
[2026-02-14 23:41:31] OK - Disk: 14% used, MemAvailable: 56%
[2026-02-14 23:46:10] OK - Disk: 14% used, MemAvailable: 56%
[2026-02-14 23:50:47] OK - Disk: 14% used, MemAvailable: 56%
[2026-02-14 23:55:25] OK - Disk: 14% used, MemAvailable: 56%
[2026-02-15 00:00:04] OK - Disk: 14% used, MemAvailable: 56%
[2026-02-15 00:04:42] OK - Disk: 14% used, MemAvailable: 56%
[2026-02-15 00:09:17] OK - Disk: 14% used, MemAvailable: 56%
[2026-02-15 00:13:57] OK - Disk: 14% used, MemAvailable: 55%
[2026-02-15 00:18:34] OK - Disk: 14% used, MemAvailable: 55%
[2026-02-15 09:31:27] OK - Disk: 14% used, MemAvailable: 88%
[2026-02-15 09:36:32] OK - Disk: 14% used, MemAvailable: 88%
[2026-02-15 09:41:33] OK - Disk: 14% used, MemAvailable: 88%
[2026-02-15 09:46:35] OK - Disk: 14% used, MemAvailable: 88%
[2026-02-15 09:51:36] OK - Disk: 14% used, MemAvailable: 88%
[2026-02-15 09:56:36] OK - Disk: 14% used, MemAvailable: 88%
[2026-02-15 10:01:38] OK - Disk: 14% used, MemAvailable: 88%
[2026-02-15 10:06:39] OK - Disk: 14% used, MemAvailable: 88%
[2026-02-15 10:11:40] OK - Disk: 14% used, MemAvailable: 88%
[2026-02-15 10:16:42] OK - Disk: 14% used, MemAvailable: 88%
[2026-02-15 10:21:43] OK - Disk: 14% used, MemAvailable: 88%
[2026-02-15 10:26:44] OK - Disk: 14% used, MemAvailable: 88%
[2026-02-15 10:31:45] OK - Disk: 14% used, MemAvailable: 88%
[2026-02-15 10:36:46] OK - Disk: 14% used, MemAvailable: 88%
[2026-02-15 10:41:48] OK - Disk: 14% used, MemAvailable: 88%
[2026-02-15 10:46:49] OK - Disk: 14% used, MemAvailable: 88%
[2026-02-15 10:51:51] OK - Disk: 14% used, MemAvailable: 88%
[2026-02-15 10:56:52] OK - Disk: 14% used, MemAvailable: 88%
[2026-02-15 11:01:53] OK - Disk: 14% used, MemAvailable: 88%
[2026-02-15 11:06:54] OK - Disk: 14% used, MemAvailable: 88%
[2026-02-15 11:11:55] OK - Disk: 14% used, MemAvailable: 88%
[2026-02-15 11:16:56] OK - Disk: 14% used, MemAvailable: 88%
[2026-02-15 11:21:58] OK - Disk: 14% used, MemAvailable: 88%
[2026-02-15 11:26:59] OK - Disk: 14% used, MemAvailable: 88%
[2026-02-15 11:31:59] OK - Disk: 14% used, MemAvailable: 88%
[2026-02-15 11:37:02] OK - Disk: 14% used, MemAvailable: 88%
[2026-02-15 11:42:03] OK - Disk: 14% used, MemAvailable: 88%
[2026-02-15 11:47:04] OK - Disk: 14% used, MemAvailable: 88%
[2026-02-15 11:52:03] OK - Disk: 14% used, MemAvailable: 88%
[2026-02-15 11:56:59] OK - Disk: 14% used, MemAvailable: 88%
[2026-02-15 12:01:56] OK - Disk: 14% used, MemAvailable: 88%
[2026-02-15 12:06:53] OK - Disk: 14% used, MemAvailable: 88%
[2026-02-15 12:11:48] OK - Disk: 14% used, MemAvailable: 88%
[2026-02-15 12:16:43] OK - Disk: 14% used, MemAvailable: 88%
[2026-02-15 12:21:40] OK - Disk: 14% used, MemAvailable: 88%
[2026-02-15 12:26:35] OK - Disk: 14% used, MemAvailable: 87%
[2026-02-15 12:31:31] OK - Disk: 14% used, MemAvailable: 88%
[2026-02-15 12:36:25] OK - Disk: 14% used, MemAvailable: 87%
[2026-02-15 12:41:20] OK - Disk: 14% used, MemAvailable: 87%
[2026-02-15 12:46:16] OK - Disk: 14% used, MemAvailable: 88%
[2026-02-15 12:51:11] OK - Disk: 14% used, MemAvailable: 88%
[2026-02-15 12:56:05] OK - Disk: 14% used, MemAvailable: 88%
[2026-02-15 13:01:00] OK - Disk: 14% used, MemAvailable: 87%
[2026-02-15 13:05:53] OK - Disk: 14% used, MemAvailable: 87%
[2026-02-15 13:10:47] OK - Disk: 14% used, MemAvailable: 87%
[2026-02-15 13:15:41] OK - Disk: 14% used, MemAvailable: 87%
[2026-02-15 13:20:33] OK - Disk: 14% used, MemAvailable: 87%
[2026-02-15 13:25:28] OK - Disk: 14% used, MemAvailable: 88%
[2026-02-15 13:30:21] OK - Disk: 14% used, MemAvailable: 87%
[2026-02-15 13:35:14] OK - Disk: 14% used, MemAvailable: 87%
[2026-02-15 13:40:07] OK - Disk: 14% used, MemAvailable: 88%
[2026-02-15 13:45:00] OK - Disk: 14% used, MemAvailable: 87%
[2026-02-15 13:49:51] OK - Disk: 14% used, MemAvailable: 87%
[2026-02-15 13:54:44] OK - Disk: 14% used, MemAvailable: 87%
[2026-02-15 13:59:35] OK - Disk: 14% used, MemAvailable: 87%
[2026-02-15 14:04:27] OK - Disk: 14% used, MemAvailable: 87%
[2026-02-15 14:09:20] OK - Disk: 14% used, MemAvailable: 87%
[2026-02-15 14:14:11] OK - Disk: 14% used, MemAvailable: 87%
[2026-02-15 14:19:03] OK - Disk: 14% used, MemAvailable: 87%
[2026-02-15 14:23:55] OK - Disk: 14% used, MemAvailable: 87%
[2026-02-15 14:28:45] OK - Disk: 14% used, MemAvailable: 87%
[2026-02-15 14:33:37] OK - Disk: 14% used, MemAvailable: 87%
[2026-02-15 14:38:28] OK - Disk: 14% used, MemAvailable: 87%
[2026-02-15 14:43:17] OK - Disk: 14% used, MemAvailable: 87%
[2026-02-15 14:48:10] OK - Disk: 14% used, MemAvailable: 87%
[2026-02-15 14:53:01] OK - Disk: 14% used, MemAvailable: 87%
[2026-02-15 14:57:51] OK - Disk: 14% used, MemAvailable: 87%
[2026-02-15 15:02:42] OK - Disk: 14% used, MemAvailable: 87%
[2026-02-15 15:07:32] OK - Disk: 14% used, MemAvailable: 87%
[2026-02-15 15:12:21] OK - Disk: 14% used, MemAvailable: 87%
[2026-02-15 15:17:11] OK - Disk: 14% used, MemAvailable: 87%
[2026-02-15 15:22:00] OK - Disk: 14% used, MemAvailable: 87%
[2026-02-15 15:26:50] OK - Disk: 14% used, MemAvailable: 87%
[2026-02-15 15:31:40] OK - Disk: 14% used, MemAvailable: 87%
[2026-02-15 15:36:29] OK - Disk: 14% used, MemAvailable: 87%
[2026-02-15 15:41:17] OK - Disk: 14% used, MemAvailable: 87%
[2026-02-15 15:46:06] OK - Disk: 14% used, MemAvailable: 87%
[2026-02-15 15:50:54] OK - Disk: 14% used, MemAvailable: 87%
[2026-02-15 15:55:42] OK - Disk: 14% used, MemAvailable: 87%
[2026-02-15 16:00:29] OK - Disk: 14% used, MemAvailable: 87%
[2026-02-15 16:05:19] OK - Disk: 14% used, MemAvailable: 87%
[2026-02-15 16:10:06] OK - Disk: 14% used, MemAvailable: 87%
[2026-02-15 16:14:54] OK - Disk: 14% used, MemAvailable: 87%
[2026-02-15 16:19:42] OK - Disk: 14% used, MemAvailable: 87%
[2026-02-15 16:24:28] OK - Disk: 14% used, MemAvailable: 87%
[2026-02-15 16:29:15] OK - Disk: 14% used, MemAvailable: 87%
[2026-02-15 16:34:04] OK - Disk: 14% used, MemAvailable: 87%
[2026-02-15 16:38:49] OK - Disk: 14% used, MemAvailable: 87%
[2026-02-15 16:43:36] OK - Disk: 14% used, MemAvailable: 87%
[2026-02-15 16:48:24] OK - Disk: 14% used, MemAvailable: 87%
[2026-02-15 16:53:09] OK - Disk: 14% used, MemAvailable: 87%
[2026-02-15 16:57:55] OK - Disk: 14% used, MemAvailable: 87%
[2026-02-15 17:02:41] OK - Disk: 14% used, MemAvailable: 87%
[2026-02-15 17:07:27] OK - Disk: 14% used, MemAvailable: 87%
[2026-02-15 17:12:12] OK - Disk: 14% used, MemAvailable: 87%
[2026-02-15 17:16:58] OK - Disk: 14% used, MemAvailable: 87%
[2026-02-15 17:21:45] OK - Disk: 14% used, MemAvailable: 87%
[2026-02-15 17:26:29] OK - Disk: 14% used, MemAvailable: 87%
[2026-02-15 17:31:14] OK - Disk: 14% used, MemAvailable: 87%
[2026-02-15 17:36:00] OK - Disk: 14% used, MemAvailable: 87%
[2026-02-15 17:40:43] OK - Disk: 14% used, MemAvailable: 87%
[2026-02-15 17:45:28] OK - Disk: 14% used, MemAvailable: 87%
[2026-02-15 17:50:13] OK - Disk: 14% used, MemAvailable: 87%
[2026-02-15 17:54:56] OK - Disk: 14% used, MemAvailable: 87%
[2026-02-15 17:59:42] OK - Disk: 14% used, MemAvailable: 87%
[2026-02-15 18:04:26] OK - Disk: 14% used, MemAvailable: 87%
[2026-02-15 18:09:08] OK - Disk: 14% used, MemAvailable: 87%
[2026-02-15 18:13:54] OK - Disk: 14% used, MemAvailable: 87%
[2026-02-15 18:18:38] OK - Disk: 14% used, MemAvailable: 87%
[2026-02-15 18:23:20] OK - Disk: 14% used, MemAvailable: 87%
[2026-02-15 18:28:04] OK - Disk: 14% used, MemAvailable: 87%
[2026-02-15 18:32:46] OK - Disk: 14% used, MemAvailable: 87%
[2026-02-15 18:37:29] OK - Disk: 14% used, MemAvailable: 87%
[2026-02-15 18:42:12] OK - Disk: 14% used, MemAvailable: 87%
[2026-02-15 18:46:56] OK - Disk: 14% used, MemAvailable: 87%
[2026-02-15 18:51:36] OK - Disk: 14% used, MemAvailable: 87%
[2026-02-15 18:56:20] OK - Disk: 14% used, MemAvailable: 87%
[2026-02-15 19:01:02] OK - Disk: 14% used, MemAvailable: 87%
[2026-02-15 19:05:44] OK - Disk: 14% used, MemAvailable: 87%
[2026-02-15 19:10:26] OK - Disk: 14% used, MemAvailable: 87%
[2026-02-15 19:15:08] OK - Disk: 14% used, MemAvailable: 87%
[2026-02-15 19:19:50] OK - Disk: 14% used, MemAvailable: 87%
[2026-02-15 19:24:32] OK - Disk: 14% used, MemAvailable: 87%
[2026-02-15 19:29:13] OK - Disk: 14% used, MemAvailable: 87%
[2026-02-15 19:33:54] OK - Disk: 14% used, MemAvailable: 87%
[2026-02-15 19:38:37] OK - Disk: 14% used, MemAvailable: 87%
[2026-02-15 19:43:17] OK - Disk: 14% used, MemAvailable: 87%
[2026-02-15 19:47:57] OK - Disk: 14% used, MemAvailable: 87%
[2026-02-15 19:52:40] OK - Disk: 14% used, MemAvailable: 87%
[2026-02-15 19:57:21] OK - Disk: 14% used, MemAvailable: 87%
[2026-02-15 20:02:02] OK - Disk: 14% used, MemAvailable: 87%
[2026-02-15 20:06:42] OK - Disk: 14% used, MemAvailable: 87%
[2026-02-15 20:11:23] OK - Disk: 14% used, MemAvailable: 87%
[2026-02-15 20:16:04] OK - Disk: 14% used, MemAvailable: 87%
[2026-02-15 20:20:43] OK - Disk: 14% used, MemAvailable: 87%
[2026-02-15 20:25:23] OK - Disk: 14% used, MemAvailable: 87%
[2026-02-15 20:30:04] OK - Disk: 14% used, MemAvailable: 87%
[2026-02-15 20:34:45] OK - Disk: 14% used, MemAvailable: 87%
[2026-02-15 20:39:24] OK - Disk: 14% used, MemAvailable: 87%
[2026-02-15 20:44:05] OK - Disk: 14% used, MemAvailable: 87%
[2026-02-15 20:48:44] OK - Disk: 14% used, MemAvailable: 87%
[2026-02-15 20:53:23] OK - Disk: 14% used, MemAvailable: 87%
[2026-02-15 20:58:03] OK - Disk: 14% used, MemAvailable: 87%
[2026-02-15 21:02:41] OK - Disk: 14% used, MemAvailable: 87%
[2026-02-15 21:07:22] OK - Disk: 14% used, MemAvailable: 87%
[2026-02-15 21:12:00] OK - Disk: 14% used, MemAvailable: 87%
[2026-02-15 21:16:39] OK - Disk: 14% used, MemAvailable: 87%
[2026-02-15 21:21:18] OK - Disk: 14% used, MemAvailable: 87%
[2026-02-15 21:25:55] OK - Disk: 14% used, MemAvailable: 87%
[2026-02-15 21:30:35] OK - Disk: 14% used, MemAvailable: 87%
[2026-02-15 21:35:14] OK - Disk: 14% used, MemAvailable: 87%
[2026-02-15 21:39:53] OK - Disk: 14% used, MemAvailable: 87%
[2026-02-15 21:44:29] OK - Disk: 14% used, MemAvailable: 87%
[2026-02-15 21:49:09] OK - Disk: 14% used, MemAvailable: 87%
[2026-02-15 21:53:47] OK - Disk: 14% used, MemAvailable: 87%
[2026-02-15 21:58:25] OK - Disk: 14% used, MemAvailable: 87%
[2026-02-15 22:03:03] OK - Disk: 14% used, MemAvailable: 87%
[2026-02-15 22:07:39] OK - Disk: 14% used, MemAvailable: 87%
[2026-02-15 22:12:18] OK - Disk: 14% used, MemAvailable: 87%
[2026-02-15 22:16:54] OK - Disk: 14% used, MemAvailable: 87%
[2026-02-15 22:21:30] OK - Disk: 14% used, MemAvailable: 87%
[2026-02-15 22:26:08] OK - Disk: 14% used, MemAvailable: 87%
[2026-02-15 22:30:42] OK - Disk: 14% used, MemAvailable: 87%
[2026-02-15 22:35:22] OK - Disk: 14% used, MemAvailable: 82%
[2026-02-15 22:39:54] OK - Disk: 14% used, MemAvailable: 82%
[2026-02-15 22:44:32] OK - Disk: 14% used, MemAvailable: 82%
[2026-02-15 22:49:08] OK - Disk: 14% used, MemAvailable: 82%
[2026-02-15 22:53:42] OK - Disk: 14% used, MemAvailable: 82%
[2026-02-15 22:58:19] OK - Disk: 14% used, MemAvailable: 82%
[2026-02-15 23:02:55] OK - Disk: 14% used, MemAvailable: 81%
[2026-02-15 23:07:28] OK - Disk: 14% used, MemAvailable: 81%
[2026-02-15 23:12:03] OK - Disk: 14% used, MemAvailable: 81%
[2026-02-15 23:16:39] OK - Disk: 14% used, MemAvailable: 81%
[2026-02-15 23:21:14] OK - Disk: 14% used, MemAvailable: 81%
[2026-02-15 23:25:50] OK - Disk: 14% used, MemAvailable: 81%
[2026-02-15 23:30:22] OK - Disk: 14% used, MemAvailable: 81%
[2026-02-15 23:34:58] OK - Disk: 14% used, MemAvailable: 81%
[2026-02-15 23:39:33] OK - Disk: 14% used, MemAvailable: 81%
[2026-02-15 23:44:05] OK - Disk: 14% used, MemAvailable: 81%
[2026-02-15 23:48:40] OK - Disk: 14% used, MemAvailable: 81%
[2026-02-15 23:53:16] OK - Disk: 14% used, MemAvailable: 81%
[2026-02-16 08:24:19] OK - Disk: 14% used, MemAvailable: 77%
[2026-02-16 08:29:41] OK - Disk: 14% used, MemAvailable: 76%
[2026-02-16 08:35:04] OK - Disk: 14% used, MemAvailable: 76%
[2026-02-16 08:40:27] OK - Disk: 14% used, MemAvailable: 76%
[2026-02-16 08:45:52] OK - Disk: 14% used, MemAvailable: 77%
[2026-02-16 08:51:21] OK - Disk: 14% used, MemAvailable: 77%
[2026-02-16 08:56:50] OK - Disk: 14% used, MemAvailable: 77%
[2026-02-16 09:02:18] OK - Disk: 14% used, MemAvailable: 77%
[2026-02-16 09:07:41] OK - Disk: 14% used, MemAvailable: 77%
[2026-02-16 09:12:53] OK - Disk: 14% used, MemAvailable: 77%
[2026-02-16 09:18:00] OK - Disk: 14% used, MemAvailable: 77%
[2026-02-16 09:23:11] OK - Disk: 14% used, MemAvailable: 77%
[2026-02-16 09:28:15] OK - Disk: 14% used, MemAvailable: 76%
[2026-02-16 09:33:15] OK - Disk: 14% used, MemAvailable: 76%
[2026-02-16 09:38:17] OK - Disk: 14% used, MemAvailable: 76%
[2026-02-16 09:43:17] OK - Disk: 14% used, MemAvailable: 76%
[2026-02-16 09:48:19] OK - Disk: 14% used, MemAvailable: 76%
[2026-02-16 09:53:20] OK - Disk: 14% used, MemAvailable: 76%
[2026-02-16 09:58:21] OK - Disk: 14% used, MemAvailable: 72%
[2026-02-16 10:03:22] OK - Disk: 14% used, MemAvailable: 70%
[2026-02-16 10:08:22] OK - Disk: 14% used, MemAvailable: 70%
[2026-02-16 10:13:23] OK - Disk: 14% used, MemAvailable: 70%
[2026-02-16 10:18:24] OK - Disk: 14% used, MemAvailable: 69%
[2026-02-16 10:23:25] OK - Disk: 14% used, MemAvailable: 69%
[2026-02-16 10:28:26] OK - Disk: 14% used, MemAvailable: 68%
[2026-02-16 10:33:27] OK - Disk: 14% used, MemAvailable: 68%
[2026-02-16 10:38:28] OK - Disk: 14% used, MemAvailable: 68%
[2026-02-16 10:43:29] OK - Disk: 14% used, MemAvailable: 68%
[2026-02-16 10:48:30] OK - Disk: 14% used, MemAvailable: 68%
[2026-02-16 10:53:31] OK - Disk: 14% used, MemAvailable: 68%
[2026-02-16 10:58:32] OK - Disk: 14% used, MemAvailable: 68%
[2026-02-16 11:03:33] OK - Disk: 14% used, MemAvailable: 68%
[2026-02-16 11:08:34] OK - Disk: 14% used, MemAvailable: 68%
[2026-02-16 11:13:35] OK - Disk: 14% used, MemAvailable: 68%
[2026-02-16 11:18:35] OK - Disk: 14% used, MemAvailable: 68%
[2026-02-16 11:23:36] OK - Disk: 14% used, MemAvailable: 68%
[2026-02-16 11:28:36] OK - Disk: 14% used, MemAvailable: 68%
[2026-02-16 11:33:35] OK - Disk: 14% used, MemAvailable: 68%
[2026-02-16 11:38:32] OK - Disk: 14% used, MemAvailable: 68%
[2026-02-16 11:43:31] OK - Disk: 14% used, MemAvailable: 67%
[2026-02-16 11:48:30] OK - Disk: 14% used, MemAvailable: 66%
[2026-02-16 11:53:25] OK - Disk: 14% used, MemAvailable: 67%
[2026-02-16 11:58:20] OK - Disk: 14% used, MemAvailable: 67%
[2026-02-16 12:03:16] OK - Disk: 14% used, MemAvailable: 68%
[2026-02-16 12:08:09] OK - Disk: 14% used, MemAvailable: 68%
[2026-02-16 12:13:04] OK - Disk: 14% used, MemAvailable: 68%
[2026-02-16 12:18:00] OK - Disk: 14% used, MemAvailable: 76%
[2026-02-16 12:22:54] OK - Disk: 14% used, MemAvailable: 76%
[2026-02-16 12:27:48] OK - Disk: 14% used, MemAvailable: 74%
[2026-02-16 12:32:42] OK - Disk: 14% used, MemAvailable: 79%
[2026-02-16 12:37:35] OK - Disk: 14% used, MemAvailable: 76%
[2026-02-16 12:42:29] OK - Disk: 14% used, MemAvailable: 76%
[2026-02-16 12:47:23] OK - Disk: 14% used, MemAvailable: 76%
[2026-02-16 12:52:16] OK - Disk: 14% used, MemAvailable: 75%
[2026-02-16 12:57:09] OK - Disk: 14% used, MemAvailable: 70%
[2026-02-16 13:02:02] OK - Disk: 14% used, MemAvailable: 69%
[2026-02-16 13:06:55] OK - Disk: 14% used, MemAvailable: 68%
[2026-02-16 13:11:48] OK - Disk: 14% used, MemAvailable: 68%
[2026-02-16 13:16:40] OK - Disk: 14% used, MemAvailable: 67%
[2026-02-16 13:21:31] OK - Disk: 14% used, MemAvailable: 67%
[2026-02-16 13:26:23] OK - Disk: 14% used, MemAvailable: 67%
[2026-02-16 13:31:17] OK - Disk: 14% used, MemAvailable: 67%
[2026-02-16 13:36:08] OK - Disk: 14% used, MemAvailable: 66%
[2026-02-16 13:41:00] OK - Disk: 14% used, MemAvailable: 67%
[2026-02-16 13:45:51] OK - Disk: 14% used, MemAvailable: 67%
[2026-02-16 13:50:41] OK - Disk: 14% used, MemAvailable: 67%
[2026-02-16 13:55:34] OK - Disk: 14% used, MemAvailable: 67%
[2026-02-16 14:00:24] OK - Disk: 14% used, MemAvailable: 79%
[2026-02-16 14:05:15] OK - Disk: 14% used, MemAvailable: 79%
[2026-02-16 14:10:05] OK - Disk: 14% used, MemAvailable: 79%
[2026-02-16 14:14:56] OK - Disk: 14% used, MemAvailable: 79%
[2026-02-16 14:19:48] OK - Disk: 14% used, MemAvailable: 80%
[2026-02-16 14:24:39] OK - Disk: 14% used, MemAvailable: 80%
[2026-02-16 14:29:28] OK - Disk: 14% used, MemAvailable: 80%
[2026-02-16 14:34:18] OK - Disk: 14% used, MemAvailable: 80%
[2026-02-16 14:39:08] OK - Disk: 14% used, MemAvailable: 80%
[2026-02-16 14:43:59] OK - Disk: 14% used, MemAvailable: 80%
[2026-02-16 14:48:49] OK - Disk: 14% used, MemAvailable: 80%
[2026-02-16 14:53:38] OK - Disk: 14% used, MemAvailable: 80%
[2026-02-16 14:58:27] OK - Disk: 14% used, MemAvailable: 80%
[2026-02-16 15:03:17] OK - Disk: 14% used, MemAvailable: 80%
[2026-02-16 15:08:05] OK - Disk: 14% used, MemAvailable: 80%
[2026-02-16 15:12:54] OK - Disk: 14% used, MemAvailable: 80%
[2026-02-16 15:17:43] OK - Disk: 14% used, MemAvailable: 80%
[2026-02-16 15:22:31] OK - Disk: 14% used, MemAvailable: 80%
[2026-02-16 15:27:20] OK - Disk: 14% used, MemAvailable: 80%
[2026-02-16 15:32:09] OK - Disk: 14% used, MemAvailable: 80%
[2026-02-16 15:36:56] OK - Disk: 14% used, MemAvailable: 80%
[2026-02-16 15:41:44] OK - Disk: 14% used, MemAvailable: 80%
[2026-02-16 15:46:31] OK - Disk: 14% used, MemAvailable: 80%
[2026-02-16 15:51:18] OK - Disk: 14% used, MemAvailable: 80%
[2026-02-16 15:56:05] OK - Disk: 14% used, MemAvailable: 80%
[2026-02-16 16:00:53] OK - Disk: 14% used, MemAvailable: 80%
[2026-02-16 16:05:40] OK - Disk: 14% used, MemAvailable: 80%
[2026-02-16 16:10:27] OK - Disk: 14% used, MemAvailable: 80%
[2026-02-16 16:15:12] OK - Disk: 14% used, MemAvailable: 80%
[2026-02-16 16:20:00] OK - Disk: 14% used, MemAvailable: 80%
[2026-02-16 16:24:47] OK - Disk: 14% used, MemAvailable: 80%
[2026-02-16 16:29:31] OK - Disk: 14% used, MemAvailable: 80%
[2026-02-16 16:34:18] OK - Disk: 14% used, MemAvailable: 80%
[2026-02-16 16:39:04] OK - Disk: 14% used, MemAvailable: 80%
[2026-02-16 16:43:47] OK - Disk: 14% used, MemAvailable: 80%
[2026-02-16 16:48:34] OK - Disk: 14% used, MemAvailable: 80%
[2026-02-16 16:53:19] OK - Disk: 14% used, MemAvailable: 80%
[2026-02-16 16:58:06] OK - Disk: 14% used, MemAvailable: 80%
[2026-02-16 17:02:51] OK - Disk: 14% used, MemAvailable: 80%
[2026-02-16 17:07:34] OK - Disk: 14% used, MemAvailable: 80%
[2026-02-16 17:12:20] OK - Disk: 14% used, MemAvailable: 80%
[2026-02-16 17:17:05] OK - Disk: 14% used, MemAvailable: 80%
[2026-02-16 17:21:49] OK - Disk: 14% used, MemAvailable: 80%
[2026-02-16 17:26:33] OK - Disk: 14% used, MemAvailable: 80%
[2026-02-16 17:31:18] OK - Disk: 14% used, MemAvailable: 80%
[2026-02-16 17:36:01] OK - Disk: 14% used, MemAvailable: 80%
[2026-02-16 17:40:44] OK - Disk: 14% used, MemAvailable: 80%
[2026-02-16 17:45:29] OK - Disk: 14% used, MemAvailable: 80%
[2026-02-16 17:50:12] OK - Disk: 14% used, MemAvailable: 80%
[2026-02-16 17:54:56] OK - Disk: 14% used, MemAvailable: 80%
[2026-02-16 17:59:39] OK - Disk: 14% used, MemAvailable: 80%
[2026-02-16 18:04:22] OK - Disk: 14% used, MemAvailable: 80%
[2026-02-16 18:09:05] OK - Disk: 14% used, MemAvailable: 80%
[2026-02-16 18:13:49] OK - Disk: 14% used, MemAvailable: 80%
[2026-02-16 18:18:31] OK - Disk: 14% used, MemAvailable: 80%
[2026-02-16 18:23:15] OK - Disk: 14% used, MemAvailable: 80%
[2026-02-16 18:27:58] OK - Disk: 14% used, MemAvailable: 80%
[2026-02-16 18:32:39] OK - Disk: 14% used, MemAvailable: 80%
[2026-02-16 18:37:23] OK - Disk: 14% used, MemAvailable: 80%
[2026-02-16 18:42:06] OK - Disk: 14% used, MemAvailable: 80%
[2026-02-16 18:46:48] OK - Disk: 14% used, MemAvailable: 80%
[2026-02-16 18:51:30] OK - Disk: 14% used, MemAvailable: 80%
[2026-02-16 18:56:13] OK - Disk: 14% used, MemAvailable: 80%
[2026-02-16 19:00:56] OK - Disk: 14% used, MemAvailable: 80%
[2026-02-16 19:05:37] OK - Disk: 14% used, MemAvailable: 80%
[2026-02-16 19:10:17] OK - Disk: 14% used, MemAvailable: 80%
[2026-02-16 19:15:01] OK - Disk: 14% used, MemAvailable: 80%
[2026-02-16 19:19:46] OK - Disk: 14% used, MemAvailable: 80%
[2026-02-16 19:24:34] OK - Disk: 14% used, MemAvailable: 80%
[2026-02-16 19:29:18] OK - Disk: 14% used, MemAvailable: 80%
[2026-02-16 19:34:03] OK - Disk: 14% used, MemAvailable: 80%
[2026-02-16 19:38:47] OK - Disk: 14% used, MemAvailable: 80%
[2026-02-16 19:43:29] OK - Disk: 14% used, MemAvailable: 80%
[2026-02-16 19:48:11] OK - Disk: 14% used, MemAvailable: 80%
[2026-02-16 19:52:51] OK - Disk: 14% used, MemAvailable: 80%
[2026-02-16 19:57:32] OK - Disk: 14% used, MemAvailable: 80%
[2026-02-16 20:02:13] OK - Disk: 14% used, MemAvailable: 80%
[2026-02-16 20:06:52] OK - Disk: 14% used, MemAvailable: 80%
[2026-02-16 20:11:33] OK - Disk: 14% used, MemAvailable: 80%
[2026-02-16 20:16:14] OK - Disk: 14% used, MemAvailable: 80%
[2026-02-16 20:20:52] OK - Disk: 14% used, MemAvailable: 80%
[2026-02-16 20:25:31] OK - Disk: 14% used, MemAvailable: 80%
[2026-02-16 20:30:13] OK - Disk: 14% used, MemAvailable: 80%
[2026-02-16 20:34:52] OK - Disk: 14% used, MemAvailable: 80%
[2026-02-16 20:39:33] OK - Disk: 14% used, MemAvailable: 80%
[2026-02-16 20:44:13] OK - Disk: 14% used, MemAvailable: 80%
[2026-02-16 20:48:50] OK - Disk: 14% used, MemAvailable: 80%
[2026-02-16 20:53:30] OK - Disk: 14% used, MemAvailable: 80%
[2026-02-16 20:58:09] OK - Disk: 14% used, MemAvailable: 80%
[2026-02-16 21:02:46] OK - Disk: 14% used, MemAvailable: 80%
[2026-02-16 21:07:25] OK - Disk: 14% used, MemAvailable: 79%
[2026-02-16 21:12:04] OK - Disk: 14% used, MemAvailable: 79%
[2026-02-16 21:16:41] OK - Disk: 14% used, MemAvailable: 79%
[2026-02-16 21:21:18] OK - Disk: 14% used, MemAvailable: 79%
[2026-02-16 21:25:58] OK - Disk: 14% used, MemAvailable: 78%
[2026-02-16 21:30:36] OK - Disk: 14% used, MemAvailable: 79%
[2026-02-16 21:35:14] OK - Disk: 14% used, MemAvailable: 78%
[2026-02-16 21:39:54] OK - Disk: 14% used, MemAvailable: 77%
[2026-02-16 21:44:33] OK - Disk: 14% used, MemAvailable: 79%
[2026-02-16 21:49:08] OK - Disk: 14% used, MemAvailable: 76%
[2026-02-16 21:53:46] OK - Disk: 14% used, MemAvailable: 76%
[2026-02-16 21:58:24] OK - Disk: 14% used, MemAvailable: 76%
[2026-02-16 22:03:01] OK - Disk: 14% used, MemAvailable: 76%
[2026-02-16 22:07:36] OK - Disk: 14% used, MemAvailable: 76%
[2026-02-16 22:12:15] OK - Disk: 14% used, MemAvailable: 76%
[2026-02-16 22:16:52] OK - Disk: 14% used, MemAvailable: 76%
[2026-02-16 22:21:30] OK - Disk: 14% used, MemAvailable: 76%
[2026-02-16 22:26:05] OK - Disk: 14% used, MemAvailable: 76%
[2026-02-16 22:30:44] OK - Disk: 14% used, MemAvailable: 76%
[2026-02-16 22:35:21] OK - Disk: 14% used, MemAvailable: 76%
[2026-02-16 22:39:59] OK - Disk: 14% used, MemAvailable: 76%
[2026-02-16 22:44:36] OK - Disk: 14% used, MemAvailable: 76%
[2026-02-16 22:49:11] OK - Disk: 14% used, MemAvailable: 76%
[2026-02-16 22:53:48] OK - Disk: 14% used, MemAvailable: 76%
[2026-02-16 22:58:25] OK - Disk: 14% used, MemAvailable: 76%
[2026-02-16 23:03:02] OK - Disk: 14% used, MemAvailable: 76%
[2026-02-16 23:07:36] OK - Disk: 14% used, MemAvailable: 76%
[2026-02-16 23:12:13] OK - Disk: 14% used, MemAvailable: 76%
[2026-02-16 23:16:50] OK - Disk: 14% used, MemAvailable: 76%
[2026-02-16 23:21:26] OK - Disk: 14% used, MemAvailable: 76%
[2026-02-16 23:26:02] OK - Disk: 14% used, MemAvailable: 76%
[2026-02-16 23:30:35] OK - Disk: 14% used, MemAvailable: 76%
[2026-02-16 23:35:10] OK - Disk: 14% used, MemAvailable: 76%
[2026-02-16 23:39:46] OK - Disk: 14% used, MemAvailable: 76%
[2026-02-16 23:44:23] OK - Disk: 14% used, MemAvailable: 76%
[2026-02-16 23:48:57] OK - Disk: 14% used, MemAvailable: 76%
[2026-02-16 23:53:33] OK - Disk: 14% used, MemAvailable: 76%
[2026-02-16 23:58:06] OK - Disk: 14% used, MemAvailable: 76%
[2026-02-17 00:02:42] OK - Disk: 14% used, MemAvailable: 76%
[2026-02-17 00:07:18] OK - Disk: 14% used, MemAvailable: 75%
[2026-02-17 00:11:50] OK - Disk: 14% used, MemAvailable: 75%
[2026-02-17 00:16:26] OK - Disk: 14% used, MemAvailable: 75%
[2026-02-17 00:21:01] OK - Disk: 14% used, MemAvailable: 75%
[2026-02-17 00:25:34] OK - Disk: 14% used, MemAvailable: 75%
[2026-02-17 00:30:07] OK - Disk: 14% used, MemAvailable: 75%
[2026-02-17 00:34:42] OK - Disk: 14% used, MemAvailable: 75%
[2026-02-17 00:39:17] OK - Disk: 14% used, MemAvailable: 75%
[2026-02-17 00:43:49] OK - Disk: 14% used, MemAvailable: 74%
[2026-02-17 00:48:24] OK - Disk: 14% used, MemAvailable: 75%
[2026-02-17 00:52:59] OK - Disk: 14% used, MemAvailable: 74%
[2026-02-17 00:57:30] OK - Disk: 14% used, MemAvailable: 79%
[2026-02-17 01:02:04] OK - Disk: 14% used, MemAvailable: 79%
[2026-02-17 01:06:39] OK - Disk: 14% used, MemAvailable: 79%
[2026-02-17 01:11:16] OK - Disk: 14% used, MemAvailable: 85%
[2026-02-17 01:15:51] OK - Disk: 14% used, MemAvailable: 85%
[2026-02-17 10:32:33] OK - Disk: 14% used, MemAvailable: 84%
[2026-02-17 10:37:32] OK - Disk: 14% used, MemAvailable: 80%
[2026-02-17 10:42:30] OK - Disk: 14% used, MemAvailable: 79%
[2026-02-17 10:47:28] OK - Disk: 14% used, MemAvailable: 79%
[2026-02-17 10:52:29] OK - Disk: 14% used, MemAvailable: 79%
[2026-02-17 10:57:30] OK - Disk: 14% used, MemAvailable: 79%
[2026-02-17 11:02:31] OK - Disk: 14% used, MemAvailable: 79%
[2026-02-17 11:07:32] OK - Disk: 14% used, MemAvailable: 79%
[2026-02-17 11:12:33] OK - Disk: 14% used, MemAvailable: 79%
[2026-02-17 11:17:34] OK - Disk: 14% used, MemAvailable: 79%
[2026-02-17 11:22:35] OK - Disk: 14% used, MemAvailable: 79%
[2026-02-17 11:27:36] OK - Disk: 14% used, MemAvailable: 79%
[2026-02-17 11:32:37] OK - Disk: 14% used, MemAvailable: 79%
[2026-02-17 11:37:37] OK - Disk: 14% used, MemAvailable: 79%
[2026-02-17 11:42:38] OK - Disk: 14% used, MemAvailable: 79%
[2026-02-17 11:47:40] OK - Disk: 14% used, MemAvailable: 79%
[2026-02-17 11:52:42] OK - Disk: 14% used, MemAvailable: 79%
[2026-02-17 11:57:43] OK - Disk: 14% used, MemAvailable: 79%
[2026-02-17 12:02:43] OK - Disk: 14% used, MemAvailable: 79%
[2026-02-17 12:07:45] OK - Disk: 14% used, MemAvailable: 79%
[2026-02-17 12:12:46] OK - Disk: 14% used, MemAvailable: 79%
[2026-02-17 12:17:46] OK - Disk: 14% used, MemAvailable: 78%
[2026-02-17 12:22:47] OK - Disk: 14% used, MemAvailable: 78%
[2026-02-17 12:27:49] OK - Disk: 14% used, MemAvailable: 78%
[2026-02-17 12:32:49] OK - Disk: 14% used, MemAvailable: 78%
[2026-02-17 12:37:49] OK - Disk: 14% used, MemAvailable: 78%
[2026-02-17 12:42:50] OK - Disk: 14% used, MemAvailable: 78%
[2026-02-17 12:47:50] OK - Disk: 14% used, MemAvailable: 78%
[2026-02-17 12:52:50] OK - Disk: 14% used, MemAvailable: 78%
[2026-02-17 12:57:50] OK - Disk: 14% used, MemAvailable: 78%
[2026-02-17 13:02:49] OK - Disk: 14% used, MemAvailable: 78%
[2026-02-17 13:07:49] OK - Disk: 14% used, MemAvailable: 78%
[2026-02-17 13:12:49] OK - Disk: 14% used, MemAvailable: 78%
[2026-02-17 13:17:47] OK - Disk: 14% used, MemAvailable: 77%
[2026-02-17 13:22:42] OK - Disk: 14% used, MemAvailable: 77%
[2026-02-17 13:27:38] OK - Disk: 14% used, MemAvailable: 78%
[2026-02-17 13:32:35] OK - Disk: 14% used, MemAvailable: 77%
[2026-02-17 13:37:32] OK - Disk: 14% used, MemAvailable: 77%
[2026-02-17 13:42:28] OK - Disk: 14% used, MemAvailable: 77%
[2026-02-17 13:47:23] OK - Disk: 14% used, MemAvailable: 78%
[2026-02-17 13:52:17] OK - Disk: 14% used, MemAvailable: 78%
[2026-02-17 13:57:13] OK - Disk: 14% used, MemAvailable: 78%
[2026-02-17 14:02:06] OK - Disk: 14% used, MemAvailable: 78%
[2026-02-17 14:06:59] OK - Disk: 14% used, MemAvailable: 77%
[2026-02-17 14:11:54] OK - Disk: 14% used, MemAvailable: 77%
[2026-02-17 14:16:47] OK - Disk: 14% used, MemAvailable: 77%
[2026-02-17 14:21:41] OK - Disk: 14% used, MemAvailable: 76%
[2026-02-17 14:26:34] OK - Disk: 14% used, MemAvailable: 76%
[2026-02-17 14:31:27] OK - Disk: 14% used, MemAvailable: 76%
[2026-02-17 14:36:20] OK - Disk: 14% used, MemAvailable: 78%
[2026-02-17 14:41:12] OK - Disk: 14% used, MemAvailable: 78%
[2026-02-17 14:46:04] OK - Disk: 14% used, MemAvailable: 78%
[2026-02-17 14:50:57] OK - Disk: 14% used, MemAvailable: 78%
[2026-02-17 14:55:49] OK - Disk: 14% used, MemAvailable: 78%
[2026-02-17 15:00:40] OK - Disk: 14% used, MemAvailable: 78%
[2026-02-17 15:05:31] OK - Disk: 14% used, MemAvailable: 78%
[2026-02-17 15:10:24] OK - Disk: 14% used, MemAvailable: 78%
[2026-02-17 15:15:16] OK - Disk: 14% used, MemAvailable: 78%
[2026-02-17 15:20:05] OK - Disk: 14% used, MemAvailable: 78%
[2026-02-17 15:24:58] OK - Disk: 14% used, MemAvailable: 78%
[2026-02-17 15:29:49] OK - Disk: 14% used, MemAvailable: 78%
[2026-02-17 15:34:40] OK - Disk: 14% used, MemAvailable: 78%
[2026-02-17 15:39:30] OK - Disk: 14% used, MemAvailable: 78%
[2026-02-17 15:44:22] OK - Disk: 14% used, MemAvailable: 78%
[2026-02-17 15:49:11] OK - Disk: 14% used, MemAvailable: 74%
[2026-02-17 15:54:02] OK - Disk: 14% used, MemAvailable: 74%
[2026-02-17 15:58:52] OK - Disk: 14% used, MemAvailable: 74%
[2026-02-17 16:03:41] OK - Disk: 14% used, MemAvailable: 74%
[2026-02-17 16:08:31] OK - Disk: 14% used, MemAvailable: 74%
[2026-02-17 16:13:22] OK - Disk: 14% used, MemAvailable: 74%
[2026-02-17 16:18:10] OK - Disk: 14% used, MemAvailable: 74%
[2026-02-17 16:22:59] OK - Disk: 14% used, MemAvailable: 79%
[2026-02-17 16:27:49] OK - Disk: 14% used, MemAvailable: 78%
[2026-02-17 16:32:38] OK - Disk: 14% used, MemAvailable: 78%
